2023-06-11T15:10:43.993Z [32minfo[39m: 	400-POST: /api/claim-pallets | The Quantity of BER Pallet exceeds.
2023-06-11T15:10:51.303Z [32minfo[39m: 	400-POST: /api/claim-pallets | The Quantity of Missing Pallet exceeds.
2023-06-11T15:11:45.515Z [32minfo[39m: 	400-POST: /api/claim-pallets | allTransactionDb is not defined
2023-06-11T15:12:05.712Z [32minfo[39m: 	201-POST: /api/claim-pallets | undefined
2023-06-11T15:12:15.070Z [32minfo[39m: 	250 2.0.0 OK  1686496334 o24-20020a170902779800b001afbc038492sm6451114pll.299 - gsmtp | from : pms.sig.dev@gmail.com | to : auliaharvy@gmail.com
2023-06-11T15:20:46.824Z [32minfo[39m: 	200-PATCH: /api/claim-pallets | undefined
2023-06-11T15:20:51.695Z [32minfo[39m: 	250 2.0.0 OK  1686496851 a15-20020a62e20f000000b0063f0c9eadc7sm5434031pfi.200 - gsmtp | from : pms.sig.dev@gmail.com | to : auliaharvy@gmail.com
2023-06-11T15:24:20.812Z [32minfo[39m: 	200-PATCH: /api/claim-pallets | undefined
2023-06-11T15:24:24.694Z [32minfo[39m: 	250 2.0.0 OK  1686497064 ne11-20020a17090b374b00b002555689006esm7651293pjb.47 - gsmtp | from : pms.sig.dev@gmail.com | to : auliaharvy+2@gmail.com
2023-06-11T15:25:25.411Z [32minfo[39m: 	200-PATCH: /api/claim-pallets | undefined
2023-06-11T15:25:31.503Z [32minfo[39m: 	200-PATCH: /api/claim-pallets | undefined
2023-06-11T15:25:47.937Z [32minfo[39m: 	200-PATCH: /api/claim-pallets | undefined
2023-06-11T15:30:29.159Z [32minfo[39m: 	200-GET: /api/sewa-pallets | undefined
2023-06-11T15:31:21.828Z [32minfo[39m: 	201-POST: /api/sewa-pallets | undefined
2023-06-11T15:31:26.087Z [32minfo[39m: 	250 2.0.0 OK  1686497485 q20-20020a62e114000000b005d22639b577sm5463593pfh.165 - gsmtp | from : pms.sig.dev@gmail.com | to : auliaharvy@gmail.com
2023-06-11T15:34:50.509Z [32minfo[39m: 	200-PATCH: /api/sewa-pallets | undefined
2023-06-11T15:34:54.526Z [32minfo[39m: 	250 2.0.0 OK  1686497694 iw3-20020a170903044300b001b03b1e2e1bsm954900plb.115 - gsmtp | from : pms.sig.dev@gmail.com | to : minority.bako@gmail.com
2023-06-11T15:36:54.445Z [32minfo[39m: 	200-PATCH: /api/sewa-pallets | undefined
2023-06-11T15:36:58.393Z [32minfo[39m: 	250 2.0.0 OK  1686497818 x1-20020a056a00270100b005a8173829d5sm141940pfv.66 - gsmtp | from : pms.sig.dev@gmail.com | to : minority.bako@gmail.com
2023-06-11T15:36:58.964Z [32minfo[39m: 	200-PATCH: /api/sewa-pallets | undefined
2023-06-11T15:38:49.743Z [32minfo[39m: 	200-PATCH: /api/sewa-pallets | undefined
2023-06-11T15:38:53.719Z [32minfo[39m: 	200-PATCH: /api/sewa-pallets | undefined
2023-06-11T15:38:55.462Z [32minfo[39m: 	250 2.0.0 OK  1686497935 x4-20020a634844000000b0051f14839bf3sm6001904pgk.34 - gsmtp | from : pms.sig.dev@gmail.com | to : auliaharvy+2@gmail.com
2023-06-11T15:43:10.551Z [32minfo[39m: 	200-GET: /api/damaged-pallets | undefined
2023-06-11T15:43:14.321Z [32minfo[39m: 	200-GET: /api/damaged-pallets | undefined
2023-06-11T15:43:20.800Z [32minfo[39m: 	200-GET: /api/damaged-pallets | undefined
2023-06-11T15:45:20.420Z [32minfo[39m: 	400-POST: /api/damaged-pallets | allTransactionDb is not defined
2023-06-11T15:45:58.640Z [32minfo[39m: 	201-POST: /api/damaged-pallets | undefined
2023-06-11T15:47:55.999Z [32minfo[39m: 	200-GET: /api/repaired-pallets | undefined
2023-06-11T15:47:59.931Z [32minfo[39m: 	200-GET: /api/repaired-pallets | undefined
2023-06-11T15:48:04.882Z [32minfo[39m: 	200-GET: /api/repaired-pallets | undefined
2023-06-11T15:48:45.737Z [32minfo[39m: 	201-POST: /api/repaired-pallets | undefined
2023-06-11T15:52:41.294Z [32minfo[39m: 	200-GET: /api/transporter-adjusments | undefined
2023-06-11T15:53:03.795Z [32minfo[39m: 	200-GET: /api/transporter-adjusments | undefined
2023-06-11T15:54:49.502Z [32minfo[39m: 	201-POST: /api/transporter-adjusments | undefined
2023-06-11T15:54:55.130Z [32minfo[39m: 	201-POST: /api/transporter-adjusments | undefined
2023-06-11T15:57:14.915Z [32minfo[39m: 	201-POST: /api/transporter-adjusments | undefined
