2023-06-08T18:03:44.023Z [32minfo[39m: 	200-GET: /api/sjps
2023-06-08T18:03:48.407Z [32minfo[39m: 	400-POST: /api/sjp-statuss
2023-06-08T18:05:10.747Z [32minfo[39m: 	400-POST: /api/sjp-statuss
2023-06-08T18:05:57.295Z [32minfo[39m: 	201-POST: /api/sjp-statuss
2023-06-08T18:05:57.891Z [32minfo[39m: 	200-GET: /api/sjp-statuss
2023-06-08T18:05:58.657Z [32minfo[39m: 	200-GET: /api/sjp-statuss
2023-06-08T18:08:00.872Z [32minfo[39m: 	200-GET: /api/sjps
2023-06-08T18:08:09.900Z [32minfo[39m: 	201-POST: /api/sjp-statuss
2023-06-08T18:08:10.517Z [32minfo[39m: 	200-GET: /api/sjp-statuss
2023-06-08T18:08:11.336Z [32minfo[39m: 	200-GET: /api/sjp-statuss
2023-06-08T18:09:20.361Z [32minfo[39m: 	200-GET: /api/sjps
2023-06-08T18:09:23.651Z [32minfo[39m: 	201-POST: /api/sjp-statuss
2023-06-08T18:09:24.285Z [32minfo[39m: 	200-GET: /api/sjp-statuss
2023-06-08T18:09:25.381Z [32minfo[39m: 	200-GET: /api/sjp-statuss
2023-06-08T18:10:05.001Z [32minfo[39m: 	200-GET: /api/sjps
2023-06-08T18:10:07.570Z [32minfo[39m: 	400-POST: /api/sjp-statuss
2023-06-08T18:11:34.630Z [32minfo[39m: 	400-POST: /api/sjp-statuss
2023-06-08T18:12:11.916Z [32minfo[39m: 	400-POST: /api/sjp-statuss
2023-06-08T18:13:33.239Z [32minfo[39m: 	400-POST: /api/sjp-statuss | The Quantity of Good Pallet exceeds.
2023-06-08T18:14:26.818Z [32minfo[39m: 	201-POST: /api/sjp-statuss | undefined
2023-06-08T18:14:29.006Z [32minfo[39m: 	200-GET: /api/sjp-statuss | undefined
2023-06-08T18:14:30.556Z [32minfo[39m: 	200-GET: /api/sjp-statuss | undefined
2023-06-08T18:16:16.942Z [32minfo[39m: 	200-GET: /api/sjps | undefined
2023-06-08T18:16:23.054Z [32minfo[39m: 	200-GET: /api/sjps | undefined
2023-06-08T18:16:27.622Z [32minfo[39m: 	201-POST: /api/sjp-statuss | undefined
2023-06-08T18:16:28.367Z [32minfo[39m: 	200-GET: /api/sjp-statuss | undefined
2023-06-08T18:16:30.135Z [32minfo[39m: 	200-GET: /api/sjp-statuss | undefined
2023-06-08T18:19:24.526Z [32minfo[39m: 	200-GET: /api/sjps | undefined
2023-06-08T18:19:27.845Z [32minfo[39m: 	201-POST: /api/sjp-statuss | undefined
2023-06-08T18:19:28.633Z [32minfo[39m: 	200-GET: /api/sjp-statuss | undefined
2023-06-08T18:19:29.872Z [32minfo[39m: 	200-GET: /api/sjp-statuss | undefined
2023-06-08T18:21:26.334Z [32minfo[39m: 	200-GET: /api/sjps | undefined
2023-06-08T18:21:29.172Z [32minfo[39m: 	201-POST: /api/sjp-statuss | undefined
2023-06-08T18:21:37.355Z [32minfo[39m: 	200-GET: /api/sjp-statuss | undefined
2023-06-08T18:21:38.562Z [32minfo[39m: 	200-GET: /api/sjp-statuss | undefined
2023-06-08T18:23:00.950Z [32minfo[39m: 	200-GET: /api/sjps | undefined
2023-06-08T18:23:05.339Z [32minfo[39m: 	201-POST: /api/sjp-statuss | undefined
2023-06-08T18:23:06.428Z [32minfo[39m: 	200-GET: /api/sjp-statuss | undefined
2023-06-08T18:23:07.840Z [32minfo[39m: 	200-GET: /api/sjp-statuss | undefined
2023-06-08T18:26:42.051Z [32minfo[39m: 	200-GET: /api/sjps | undefined
2023-06-08T18:26:44.786Z [32minfo[39m: 	201-POST: /api/sjp-statuss | undefined
2023-06-08T18:26:45.865Z [32minfo[39m: 	200-GET: /api/sjp-statuss | undefined
2023-06-08T18:26:47.416Z [32minfo[39m: 	200-GET: /api/sjp-statuss | undefined
2023-06-08T18:27:13.206Z [32minfo[39m: 	200-GET: /api/sjp-statuss | undefined
2023-06-08T18:27:17.588Z [32minfo[39m: 	200-PATCH: /api/sjp-statuss | undefined
2023-06-08T18:27:18.598Z [32minfo[39m: 	200-GET: /api/sjp-statuss | undefined
2023-06-08T18:27:19.867Z [32minfo[39m: 	200-GET: /api/sjp-statuss | undefined
2023-06-08T18:27:22.295Z [32minfo[39m: 	201-POST: /api/sjp-statuss | undefined
2023-06-08T18:27:23.371Z [32minfo[39m: 	200-GET: /api/sjp-statuss | undefined
2023-06-08T18:27:24.517Z [32minfo[39m: 	200-GET: /api/sjp-statuss | undefined
2023-06-08T18:33:12.565Z [32minfo[39m: 	200-GET: /api/sjp-statuss | undefined
2023-06-08T18:33:14.350Z [32minfo[39m: 	200-GET: /api/sjp-statuss | undefined
2023-06-08T18:33:14.577Z [32minfo[39m: 	200-GET: /api/sjps | undefined
2023-06-08T18:33:49.112Z [32minfo[39m: 	201-POST: /api/sjp-statuss | undefined
2023-06-08T18:33:50.207Z [32minfo[39m: 	200-GET: /api/sjp-statuss | undefined
2023-06-08T18:33:51.481Z [32minfo[39m: 	200-GET: /api/sjp-statuss | undefined
2023-06-08T18:40:15.921Z [32minfo[39m: 	400-POST: /api/pallet-transfers | Please enter TBR Pallet.
2023-06-08T18:40:45.942Z [32minfo[39m: 	201-POST: /api/pallet-transfers | undefined
2023-06-08T18:41:44.887Z [32minfo[39m: 	201-POST: /api/pallet-transfers | undefined
2023-06-08T18:54:22.579Z [32minfo[39m: 	201-POST: /api/pallet-transfers | undefined
2023-06-08T18:58:52.319Z [32minfo[39m: 	200-GET: /api/change-quotas | undefined
