2023-06-08T13:10:00.023Z [32minfo[39m: 	200-get: http://localhost:8002/api/drivers
2023-06-08T13:10:14.772Z [32minfo[39m: 	200-get: http://localhost:8002/api/drivers
2023-06-08T13:12:13.647Z [32minfo[39m: 	200-get: http://localhost:8002/api/drivers
2023-06-08T13:15:58.635Z [32minfo[39m: 	200-get: http://localhost:8002/api/drivers
2023-06-08T13:16:44.601Z [32minfo[39m: 	200-get: http://localhost:8002/api/drivers
2023-06-08T13:16:56.600Z [32minfo[39m: 	200-get: http://localhost:8002/api/drivers
2023-06-08T13:18:30.339Z [32minfo[39m: 	200-get: http://localhost:8002/api/drivers
2023-06-08T13:20:00.521Z [32minfo[39m: 	200-get: http://localhost:8002/api/drivers
2023-06-08T13:20:51.470Z [32minfo[39m: 	200-get: http://localhost:8002/api/drivers
2023-06-08T13:23:36.450Z [32minfo[39m: 	200-get: http://localhost:8002/api/drivers
2023-06-08T13:25:00.611Z [32minfo[39m: 	200-get: http://localhost:8002/api/drivers/50/50
2023-06-08T13:25:29.940Z [32minfo[39m: 	200-get: http://localhost:8002/api/drivers/50/50
2023-06-08T13:25:42.497Z [32minfo[39m: 	200-get: http://localhost:8002/api/drivers/2/2
2023-06-08T13:29:21.139Z [32minfo[39m: 	201-post: http://localhost:8002api/drivers
2023-06-08T13:29:43.345Z [32minfo[39m: 	200-get: http://localhost:8002/api/drivers
2023-06-08T13:32:26.634Z [32minfo[39m: 	200-patch: http://localhost:8002/api/drivers/10/10
2023-06-08T13:32:40.660Z [32minfo[39m: 	200-patch: http://localhost:8002/api/drivers/10
2023-06-08T13:33:46.805Z [32minfo[39m: 	200-delete: http://localhost:8002api/drivers/10
2023-06-08T13:44:11.533Z [31merror[39m: 	invalid token
2023-06-08T13:44:41.024Z [31merror[39m: 	invalid token
2023-06-08T13:47:58.457Z [31merror[39m: 	invalid token
2023-06-08T13:48:19.705Z [31merror[39m: 	[object Object]
2023-06-08T13:49:45.028Z [31merror[39m: 	invalid token
2023-06-08T13:49:49.964Z [32minfo[39m: 	200-get: http://localhost:8002/api/drivers/2/2
2023-06-08T13:50:15.665Z [31merror[39m: 	invalid token
2023-06-08T13:51:57.486Z [31merror[39m: 	invalid token
2023-06-08T13:52:09.912Z [31merror[39m: 	jwt must be provided
2023-06-08T13:53:11.160Z [31merror[39m: 	invalid token
2023-06-08T13:53:17.049Z [31merror[39m: 	invalid token
2023-06-08T13:57:08.433Z [31merror[39m: 	invalid token
2023-06-08T13:57:20.056Z [31merror[39m: 	jwt must be provided
2023-06-08T13:57:26.169Z [31merror[39m: 	invalid token
2023-06-08T13:57:34.736Z [31merror[39m: 	invalid token
2023-06-08T13:59:23.592Z [32minfo[39m: 	200-get: http://localhost:8002/api/drivers
